SCIP version 3.0.0 [precision: 8 byte] [memory: block] [mode: optimized] [LP solver: SoPlex 1.7.0] [GitHash: c95600b]
Copyright (c) 2002-2012 Konrad-Zuse-Zentrum fuer Informationstechnik Berlin (ZIB)

External codes: 
  SoPlex 1.7.0         Linear Programming Solver developed at Zuse Institute Berlin (soplex.zib.de) [GitHash: 1bd5628]
  cppad-20120101.3     Algorithmic Differentiation of C++ algorithms developed by B. Bell (www.coin-or.org/CppAD)
  ZLIB 1.2.5           General purpose compression library by J. Gailly and M. Adler (zlib.net)
  GMP 5.0.2            GNU Multiple Precision Arithmetic Library developed by T. Granlund (gmplib.org)
  ZIMPL 3.3.0          Zuse Institute Mathematical Programming Language developed by T. Koch (zimpl.zib.de)
  Ipopt 3.10.2         Interior Point Optimizer developed by A. Waechter et.al. (www.coin-or.org/Ipopt)

reading user parameter file </kb/module/work/fbafiles/GA_MA/ScipSettings.txt>
numerics/lpfeastol = 1e-09

read problem </kb/module/work/fbafiles/GA_MA/Problem.lp>
============

original problem has 1523 variables (0 bin, 0 int, 0 impl, 1523 cont) and 1141 constraints

solve problem
=============

presolving:
(round 1) 625 del vars, 700 del conss, 0 add conss, 223 chg bounds, 0 chg sides, 0 chg coeffs, 0 upgd conss, 0 impls, 0 clqs
(round 2) 707 del vars, 797 del conss, 0 add conss, 311 chg bounds, 6 chg sides, 0 chg coeffs, 0 upgd conss, 0 impls, 0 clqs
(round 3) 927 del vars, 800 del conss, 0 add conss, 327 chg bounds, 6 chg sides, 0 chg coeffs, 0 upgd conss, 0 impls, 0 clqs
(round 4) 945 del vars, 800 del conss, 0 add conss, 331 chg bounds, 6 chg sides, 0 chg coeffs, 0 upgd conss, 0 impls, 0 clqs
(round 5) 945 del vars, 816 del conss, 0 add conss, 331 chg bounds, 6 chg sides, 0 chg coeffs, 0 upgd conss, 0 impls, 0 clqs
(round 6) 947 del vars, 816 del conss, 0 add conss, 331 chg bounds, 6 chg sides, 0 chg coeffs, 0 upgd conss, 0 impls, 0 clqs
(round 7) 947 del vars, 816 del conss, 0 add conss, 331 chg bounds, 7 chg sides, 0 chg coeffs, 0 upgd conss, 0 impls, 0 clqs
(round 8) 948 del vars, 817 del conss, 0 add conss, 331 chg bounds, 7 chg sides, 0 chg coeffs, 0 upgd conss, 0 impls, 0 clqs
presolving (9 rounds):
 948 deleted vars, 817 deleted constraints, 0 added constraints, 331 tightened bounds, 0 added holes, 7 changed sides, 0 changed coefficients
 0 implications, 0 cliques
presolved problem has 575 variables (0 bin, 0 int, 0 impl, 575 cont) and 324 constraints
    324 constraints of type <linear>
Presolving Time: 0.02

 time | node  | left  |LP iter|LP it/n| mem |mdpt |frac |vars |cons |cols |rows |cuts |confs|strbr|  dualbound   | primalbound  |  gap   
* 0.0s|     1 |     0 |   461 |     - |4126k|   0 |   - | 575 | 324 | 575 | 324 |   0 |   0 |   0 | 7.510690e+01 | 7.510690e+01 |   0.00%
  0.0s|     1 |     0 |   461 |     - |4126k|   0 |   - | 575 | 324 | 575 | 324 |   0 |   0 |   0 | 7.510690e+01 | 7.510690e+01 |   0.00%

SCIP Status        : problem is solved [optimal solution found]
Solving Time (sec) : 0.04
Solving Nodes      : 1
Primal Bound       : +7.51069026233319e+01 (1 solutions)
Dual Bound         : +7.51069026233319e+01
Gap                : 0.00 %

primal solution:
================

objective value:                     75.1069026233319
x2                                 0.0184606812286909 	(obj:1)
x11                               0.00270222051443338 	(obj:1)
x17                                 0.108043020229633 	(obj:1)
x18                                  1.96951841397134 	(obj:1)
x24                                  2.05487525874348 	(obj:1)
x29                                 0.556544353919404 	(obj:1)
x31                                 0.278649179078781 	(obj:1)
x32                                0.0422395333845385 	(obj:1)
x37                                0.0199182348367559 	(obj:1)
x44                               0.00856387874623803 	(obj:1)
x56                                0.0884871587384576 	(obj:1)
x57                               0.00133820652289184 	(obj:1)
x58                                0.0273229730671531 	(obj:1)
x60                                0.0014776574343166 	(obj:1)
x61                              0.000669103261445869 	(obj:1)
x73                                 0.130768285160091 	(obj:1)
x74                                0.0223626674364077 	(obj:1)
x75                               0.00967351596717541 	(obj:1)
x79                              0.000334551630722962 	(obj:1)
x81                              0.000669103261445922 	(obj:1)
x84                                0.0157728677261378 	(obj:1)
x95                                 0.106152111219633 	(obj:1)
x108                                0.021698366935693 	(obj:1)
x113                             0.000669103261445869 	(obj:1)
x114                               0.0497617179024372 	(obj:1)
x120                               0.0368401649094856 	(obj:1)
x137                             0.000669103261445922 	(obj:1)
x143                                 1.75434978362158 	(obj:1)
x145                             0.000669103261445869 	(obj:1)
x146                              0.00856387874623803 	(obj:1)
x147                               0.0199182348367559 	(obj:1)
x148                               0.0353282143975416 	(obj:1)
x152                                0.274626763505463 	(obj:1)
x153                                  6.0972785457134 	(obj:1)
x157                              0.00920357305368064 	(obj:1)
x159                             0.000669103261445922 	(obj:1)
x161                              0.00115044663175468 	(obj:1)
x168                               0.0368401649094856 	(obj:1)
x174                                0.584957071944418 	(obj:1)
x175                               0.0266538698057275 	(obj:1)
x177                               0.0177801775104755 	(obj:1)
x179                              0.00270222051443338 	(obj:1)
x182                               0.0223626674364077 	(obj:1)
x184                                0.104891658973918 	(obj:1)
x199                               0.0266538698057072 	(obj:1)
x217                                0.902045029784739 	(obj:1)
x219                               0.0177801775104755 	(obj:1)
x227                               0.0014776574343166 	(obj:1)
x231                                 1.52750677146128 	(obj:1)
x239                              0.00133820652289184 	(obj:1)
x245                               0.0177801775104755 	(obj:1)
x247                               0.0765842912842849 	(obj:1)
x260                               0.0108088820577335 	(obj:1)
x266                               0.0223626674364077 	(obj:1)
x269                               0.0157728677261378 	(obj:1)
x271                             0.000334551630722962 	(obj:1)
x274                                0.650733666784372 	(obj:1)
x276                               0.0726103048830726 	(obj:1)
x277                                0.106152111219633 	(obj:1)
x280                              0.00207639796175882 	(obj:1)
x283                              0.00920357305368064 	(obj:1)
x287                              0.00535282609156737 	(obj:1)
x289                               0.0273229730671531 	(obj:1)
x294                               0.0130382648327556 	(obj:1)
x295                                0.126268801606145 	(obj:1)
x297                              0.00370587540660226 	(obj:1)
x301                              0.00267641304578369 	(obj:1)
x308                             0.000669103261445869 	(obj:1)
x311                              0.00856387874623803 	(obj:1)
x314                              0.00270222051443338 	(obj:1)
x317                                0.026124641343813 	(obj:1)
x318                               0.0377536647961182 	(obj:1)
x320                               0.0108088820577335 	(obj:1)
x325                               0.0353282143975416 	(obj:1)
x326                              0.00133820652285976 	(obj:1)
x339                                0.010808882057745 	(obj:1)
x342                              0.00535282609156737 	(obj:1)
x344                               0.0777635500998444 	(obj:1)
x345                                0.108043020229633 	(obj:1)
x347                               0.0368401649094856 	(obj:1)
x352                               0.0177801775104755 	(obj:1)
x359                               0.0340102062690234 	(obj:1)
x360                                0.060354262525737 	(obj:1)
x364                              0.00115044663171008 	(obj:1)
x366                              0.00856387874623803 	(obj:1)
x371                             0.000669103261445922 	(obj:1)
x374                              0.00115044663171008 	(obj:1)
x377                              0.00115044663171008 	(obj:1)
x388                               0.0181147291411985 	(obj:1)
x402                              0.00100365489216888 	(obj:1)
x403                              0.00920357305368064 	(obj:1)
x414                               0.0553456393294844 	(obj:1)
x416                             0.000334551630722962 	(obj:1)
x423                               0.0166947523873292 	(obj:1)
x434                                0.104891658973918 	(obj:1)
x440                               0.0335418063365602 	(obj:1)
x443                                0.274626763505463 	(obj:1)
x445                               0.0422395333845385 	(obj:1)
x447                               0.0336756546383005 	(obj:1)
x449                                0.984759206985671 	(obj:1)
x452                               0.0368401649094856 	(obj:1)
x465                               0.0425740850152614 	(obj:1)
x468                               0.0133728164634786 	(obj:1)
x472                             0.000334551630722962 	(obj:1)
x473                                0.108043020229633 	(obj:1)
x481                               0.0273229730671531 	(obj:1)
x489                               0.0335418063365602 	(obj:1)
x490                              0.00920357305368064 	(obj:1)
x498                                 1.99188108141419 	(obj:1)
x500                                 1.36927423282434 	(obj:1)
x501                                0.984759206985671 	(obj:1)
x504                                0.492546879308197 	(obj:1)
x507                              0.00856387874623803 	(obj:1)
x521                               0.0336756546383005 	(obj:1)
x523                              0.00920357305368064 	(obj:1)
x528                               0.0697627922862837 	(obj:1)
x532                               0.0497617179024372 	(obj:1)
x533                               0.0497617179024372 	(obj:1)
x537                               0.0177801775104755 	(obj:1)
x546                                 0.49552444233432 	(obj:1)
x549                             0.000669103261445869 	(obj:1)
x552                               0.0377536647961182 	(obj:1)
x556                              0.00920357305368064 	(obj:1)
x564                               0.0494708177146147 	(obj:1)
x565                               0.0223626674364077 	(obj:1)
x569                             0.000334551630722961 	(obj:1)
x574                               0.0422395333845385 	(obj:1)
x577                                0.886185813102092 	(obj:1)
x581                                 2.09777402777996 	(obj:1)
x590                             0.000334551630771784 	(obj:1)
x591                              0.00100365489216888 	(obj:1)
x596                                0.451898898129099 	(obj:1)
x597                              0.00920357305368064 	(obj:1)
x600                               0.0340102062690234 	(obj:1)
x601                               0.0353282143975416 	(obj:1)
x609                               0.0308395858221268 	(obj:1)
x614                              0.00920357305368064 	(obj:1)
x621                               0.0340102062690234 	(obj:1)
x622                              0.00509983790506309 	(obj:1)
x628                                0.611559049596629 	(obj:1)
x630                               0.0377536647961182 	(obj:1)
x631                              0.00460178652684032 	(obj:1)
x635                             0.000334551630722961 	(obj:1)
x639                             0.000669103261445922 	(obj:1)
x646                              0.00509983790506309 	(obj:1)
x648                             0.000669103261445869 	(obj:1)
x652                             0.000669103261445922 	(obj:1)
x657                             0.000334551630722962 	(obj:1)
x659                               0.0223626674364077 	(obj:1)
x661                              0.00198444801520182 	(obj:1)
x668                               0.0497617179024372 	(obj:1)
x675                               0.0105644660818595 	(obj:1)
x679                             0.000669103261445869 	(obj:1)
x682                                0.235237066266682 	(obj:1)
x686                                0.010808882057745 	(obj:1)
x694                              0.00207639796175882 	(obj:1)
x698                              0.00810666154330013 	(obj:1)
x699                                0.123815373135999 	(obj:1)
x702                               0.0228049355377349 	(obj:1)
x703                              0.00509983790506309 	(obj:1)
x723                             0.000334551630771784 	(obj:1)
x725                              0.00920357305368064 	(obj:1)
x737                             0.000334551630722961 	(obj:1)
x739                             0.000334551630722962 	(obj:1)
x740                              0.00856387874623803 	(obj:1)
x741                              0.00370587540660226 	(obj:1)
x744                                0.886185813102092 	(obj:1)
x746                               0.0888204227593767 	(obj:1)
x756                                0.984759206985671 	(obj:1)
x761                               0.0497617179024372 	(obj:1)
x765                             0.000334551630771784 	(obj:1)
x767                                0.275818776878864 	(obj:1)
x779                               0.0336756546383005 	(obj:1)
x782                               0.0340102062690234 	(obj:1)
x786                                  9.4759254102016 	(obj:1)
x788                               0.0422395333845385 	(obj:1)
x793                               0.0494708177146147 	(obj:1)
x795                              0.00301096467650664 	(obj:1)
x796                              0.00115044663171008 	(obj:1)
x798                             0.000334551630771784 	(obj:1)
x811                               0.0046866685296352 	(obj:1)
x814                               0.0164844647321338 	(obj:1)
x817                              0.00100365489216888 	(obj:1)
x820                                0.093401976904059 	(obj:1)
x823                               0.0368401649094856 	(obj:1)
x849                             0.000334551630722961 	(obj:1)
x853                               0.0135111025721669 	(obj:1)
x860                             0.000669103261445869 	(obj:1)
x864                                0.611559049596629 	(obj:1)
x868                               0.0340102062690234 	(obj:1)
x869                              0.00115044663175468 	(obj:1)
x875                               0.0135111025721669 	(obj:1)
x878                             0.000669103261445869 	(obj:1)
x887                               0.0405581448485464 	(obj:1)
x903                             0.000669103261445869 	(obj:1)
x904                             0.000334551630771784 	(obj:1)
x906                             0.000334551630722935 	(obj:1)
x912                               0.0108088820577335 	(obj:1)
x913                             0.000334551630771784 	(obj:1)
x922                              0.00345133989515034 	(obj:1)
x932                                 1.52750677146128 	(obj:1)
x935                               0.0177801775104755 	(obj:1)
x938                              0.00270222051437941 	(obj:1)
x946                              0.00856387874623803 	(obj:1)
x948                             0.000334551630722962 	(obj:1)
x955                               0.0884871587384576 	(obj:1)
x958                              0.00856387874623803 	(obj:1)
x963                               0.0266538698057072 	(obj:1)
x966                                 1.96951841397134 	(obj:1)
x967                                0.985428310247117 	(obj:1)
x972                                0.984759206985671 	(obj:1)
x976                              0.00345133989515034 	(obj:1)
x983                                 1.63215222725158 	(obj:1)
x988                                0.984759206985671 	(obj:1)
x993                             0.000334551630722961 	(obj:1)
x999                                 1.54927276810044 	(obj:1)
x1000                              0.0199182348367559 	(obj:1)
x1004                                1.21739336276523 	(obj:1)
x1005                              0.0277671084652745 	(obj:1)
x1015                               0.543615038591359 	(obj:1)
x1016                             0.00270222051437941 	(obj:1)
x1019                             0.00370587540660226 	(obj:1)
x1034                              0.0184606812286909 	(obj:1)
x1042                            0.000334551630722961 	(obj:1)
x1055                                2.11769226261671 	(obj:1)
x1062                              0.0223626674364077 	(obj:1)
x1065                             0.00115044663175468 	(obj:1)
x1067                            0.000669103261445869 	(obj:1)
x1075                                 9.4759254102016 	(obj:1)
x1076                             0.00920357305368064 	(obj:1)
x1080                             0.00920357305368064 	(obj:1)
x1082                               0.984759206985671 	(obj:1)
x1085                              0.0108088820577335 	(obj:1)
x1087                                1.54927276810044 	(obj:1)
x1092                              0.0273229730671531 	(obj:1)
x1098                             0.00509983790506309 	(obj:1)
x1099                               0.984759206985671 	(obj:1)
x1103                             0.00460178652684032 	(obj:1)
x1109                             0.00509983790506309 	(obj:1)
x1110                            0.000669103261445869 	(obj:1)
x1111                             0.00535282609156737 	(obj:1)
x1113                             0.00198444801520182 	(obj:1)
x1117                             0.00133820652289184 	(obj:1)
x1120                             0.00198444801520182 	(obj:1)
x1125                             0.00198444801520182 	(obj:1)
x1127                             0.00920357305368064 	(obj:1)
x1129                              0.0884871587384576 	(obj:1)
x1137                            0.000669103261445922 	(obj:1)
x1146                               0.611559049596629 	(obj:1)
x1150                              0.0029881029073707 	(obj:1)
x1151                               0.984759206985671 	(obj:1)
x1155                              0.0353282143975416 	(obj:1)
x1158                             0.00692421089903684 	(obj:1)
x1162                              0.0439804315518747 	(obj:1)
x1165                             0.00198444801520182 	(obj:1)
x1166                              0.0162133230866003 	(obj:1)
x1170                               0.016694752387366 	(obj:1)
x1171                               0.010808882057745 	(obj:1)
x1176                              0.0135111025721669 	(obj:1)
x1177                             0.00920357305368064 	(obj:1)
x1178                              0.0108088820577335 	(obj:1)
x1179                             0.00270222051443338 	(obj:1)
x1180                            0.000334551630722962 	(obj:1)
x1181                             0.00920357305368064 	(obj:1)
x1182                             0.00920357305368064 	(obj:1)
x1183                            0.000334551630722962 	(obj:1)
x1184                              0.0587059196267514 	(obj:1)
x1185                             0.00345133989513024 	(obj:1)
x1187                             0.00920357305368064 	(obj:1)
x1188                             0.00920357305368064 	(obj:1)
x1189                             0.00920357305368064 	(obj:1)
x1190                             0.00920357305368064 	(obj:1)
x1191                             0.00460178652684032 	(obj:1)
x1192                             0.00345133989513024 	(obj:1)
x1193                             0.00270222051443338 	(obj:1)
x1194                              0.0218657547172658 	(obj:1)
x1195                             0.00115044663171008 	(obj:1)
x1196                             0.00540444102886675 	(obj:1)
x1197                            0.000669103261445922 	(obj:1)
x1199                             0.00920357305368064 	(obj:1)
x1200                             0.00920357305368064 	(obj:1)
x1201                             0.00920357305368064 	(obj:1)
x1202                             0.00270222051443338 	(obj:1)
x1203                              0.0110568726595323 	(obj:1)
x1205                            0.000334551630722961 	(obj:1)
x1206                             0.00920357305368064 	(obj:1)
x1207                             0.00270222051443338 	(obj:1)
x1209                             0.00920357305368064 	(obj:1)
x1211                             0.00270222051443338 	(obj:1)
x1213                             0.00115044663171008 	(obj:1)
x1214                            0.000334551630722961 	(obj:1)
x1215                            0.000334551630722961 	(obj:1)
x1216                             0.00920357305368064 	(obj:1)
x1217                             0.00270222051443338 	(obj:1)
x1218                             0.00920357305368064 	(obj:1)
x1220                              0.0134675820162168 	(obj:1)
x1221                             0.00270222051443338 	(obj:1)
x1222                             0.00270222051443338 	(obj:1)
x1223                             0.00270222051443338 	(obj:1)
x1224                            0.000334551630722962 	(obj:1)
x1225                            0.000334551630722961 	(obj:1)
x1226                             0.00115044663171008 	(obj:1)
x1227                             0.00920357305368064 	(obj:1)
x1230                             0.00540444102886675 	(obj:1)
x1232                             0.00270222051443338 	(obj:1)
x1233                             0.00270222051443338 	(obj:1)
x1237                             0.00920357305368064 	(obj:1)
x1238                             0.00100365489216888 	(obj:1)
x1239                             0.00345133989513024 	(obj:1)
x1240                             0.00270222051443338 	(obj:1)
x1243                             0.00920357305368064 	(obj:1)
x1244                            0.000669103261445922 	(obj:1)
x1245                            0.000334551630722961 	(obj:1)
x1246                            0.000334551630722961 	(obj:1)
x1247                             0.00920357305368064 	(obj:1)
x1248                             0.00920357305368064 	(obj:1)
x1251                             0.00270222051443338 	(obj:1)
x1252                             0.00920357305368064 	(obj:1)
x1253                             0.00920357305368064 	(obj:1)
x1254                             0.00920357305368064 	(obj:1)
x1255                            0.000334551630722961 	(obj:1)
x1256                             0.00345133989513024 	(obj:1)
x1257                             0.00920357305368064 	(obj:1)
x1258                             0.00920357305368064 	(obj:1)
x1259                             0.00540444102886675 	(obj:1)
x1260                             0.00540444102886675 	(obj:1)
x1261                            0.000669103261445922 	(obj:1)
x1263                             0.00920357305368064 	(obj:1)
x1264                             0.00920357305368064 	(obj:1)
x1265                             0.00270222051443338 	(obj:1)
x1266                             0.00920357305368064 	(obj:1)
x1267                             0.00345133989513024 	(obj:1)
x1268                             0.00920357305368064 	(obj:1)
x1269                              0.0181147291411985 	(obj:1)
x1270                            0.000334551630722962 	(obj:1)
x1271                             0.00270222051443338 	(obj:1)
x1272                             0.00270222051443338 	(obj:1)
x1273                             0.00270222051443338 	(obj:1)
x1274                             0.00270222051443338 	(obj:1)
x1275                              0.0108088820577335 	(obj:1)
x1276                              0.0108088820577335 	(obj:1)
x1277                            0.000334551630722962 	(obj:1)
x1278                             0.00920357305368064 	(obj:1)
x1279                             0.00270222051443338 	(obj:1)
x1280                             0.00270222051443338 	(obj:1)
x1281                             0.00115044663171008 	(obj:1)
x1282                            0.000334551630722961 	(obj:1)
x1283                             0.00920357305368064 	(obj:1)
x1284                            0.000669103261445922 	(obj:1)
x1286                             0.00270222051443338 	(obj:1)
x1287                             0.00270222051443338 	(obj:1)
x1288                            0.000334551630722962 	(obj:1)
x1289                             0.00810666154330013 	(obj:1)
x1291                             0.00270222051443338 	(obj:1)
x1292                              0.0108088820577335 	(obj:1)
x1293                             0.00460178652684032 	(obj:1)
x1294                             0.00920357305368064 	(obj:1)
x1295                             0.00270222051443338 	(obj:1)
x1296                             0.00460178652684032 	(obj:1)
x1297                             0.00270222051443338 	(obj:1)
x1298                             0.00920357305368064 	(obj:1)
x1300                             0.00270222051443338 	(obj:1)
x1301                             0.00920357305368064 	(obj:1)
x1302                              0.0134675820162168 	(obj:1)
x1303                             0.00270222051443338 	(obj:1)
x1304                             0.00460178652684032 	(obj:1)
x1305                             0.00920357305368064 	(obj:1)
x1306                             0.00270222051443338 	(obj:1)
x1307                             0.00920357305368064 	(obj:1)
x1308                             0.00920357305368064 	(obj:1)
x1309                             0.00115044663171008 	(obj:1)
x1310                            0.000334551630722961 	(obj:1)
x1311                             0.00920357305368064 	(obj:1)
x1313                              0.0134675820162168 	(obj:1)
x1315                            0.000334551630722962 	(obj:1)
x1316                              0.0162133230866003 	(obj:1)
x1317                            0.000167275815361481 	(obj:1)
x1318                              0.0207080393707814 	(obj:1)
x1319                             0.00920357305368064 	(obj:1)
x1320                            0.000334551630722961 	(obj:1)
x1321                             0.00920357305368064 	(obj:1)
x1322                             0.00270222051443338 	(obj:1)
x1323                             0.00270222051443338 	(obj:1)
x1324                             0.00920357305368064 	(obj:1)
x1325                              0.0108088820577335 	(obj:1)
x1326                             0.00270222051443338 	(obj:1)
x1327                             0.00920357305368064 	(obj:1)
x1328                             0.00920357305368064 	(obj:1)
x1329                              0.0353282143975416 	(obj:1)
x1330                            0.000669103261445922 	(obj:1)
x1333                            0.000669103261445922 	(obj:1)
x1334                              0.0162133230866003 	(obj:1)
x1335                            0.000669103261445869 	(obj:1)
x1336                            0.000334551630722961 	(obj:1)
x1337                             0.00810666154330013 	(obj:1)
x1338                              0.0226711550698974 	(obj:1)
x1339                            0.000334551630722961 	(obj:1)
x1340                             0.00100365489216888 	(obj:1)
x1341                             0.00133820652289184 	(obj:1)
x1342                              0.0377536647961182 	(obj:1)
x1343                            0.000334551630722962 	(obj:1)
x1344                              0.0368401649094856 	(obj:1)
x1345                              0.0141426033170731 	(obj:1)
x1346                            0.000334551630722962 	(obj:1)
x1347                              0.0172736334830227 	(obj:1)
x1348                              0.0226711550698974 	(obj:1)
x1349                              0.0335418063365602 	(obj:1)
x1350                             0.00100365489216888 	(obj:1)
x1351                               0.984759206985671 	(obj:1)
x1352                            0.000669103261445922 	(obj:1)
x1353                              0.0161499131014108 	(obj:1)
x1354                              0.0377536647961182 	(obj:1)
x1356                             0.00100365489216888 	(obj:1)
x1357                             0.00100365489216888 	(obj:1)
x1358                              0.0335418063365602 	(obj:1)
x1359                             0.00100365489216888 	(obj:1)
x1360                             0.00856387874623803 	(obj:1)
x1361                              0.0377536647961182 	(obj:1)
x1362                              0.0368401649094856 	(obj:1)
x1363                            0.000334551630722961 	(obj:1)
x1364                             0.00100365489216888 	(obj:1)
x1365                            0.000669103261445922 	(obj:1)
x1366                              0.0348818185967683 	(obj:1)
x1367                              0.0228049355377349 	(obj:1)
x1368                            0.000334551630722961 	(obj:1)
x1369                              0.0297330172200848 	(obj:1)
x1370                              0.0336756546383005 	(obj:1)
x1371                            8.36379076807402e-05 	(obj:1)
x1372                            0.000334551630722961 	(obj:1)
x1373                            0.000334551630722962 	(obj:1)
x1375                            0.000334551630722962 	(obj:1)
x1376                               0.104645455790305 	(obj:1)
x1377                              0.0177801775104755 	(obj:1)
x1378                               0.108043020229633 	(obj:1)
x1447                                1.35471394450928 	(obj:0)
x1448                                               2 	(obj:0)
x1449                                1.00000000000003 	(obj:0)
x1450                               0.182867803663696 	(obj:0)
x1451                              0.0237079068378042 	(obj:0)
x1454                              -0.130768285160091 	(obj:0)
x1459                                -6.0972785457134 	(obj:0)
x1462                               0.902045029784739 	(obj:0)
x1463                             0.00133820652289184 	(obj:0)
x1465                              -0.650733666784372 	(obj:0)
x1482                            0.000334551630771784 	(obj:0)
x1492                            0.000334551630771784 	(obj:0)
x1495                              -0.543615038591359 	(obj:0)
x1523                              -0.108043020229633 	(obj:0)

Statistics
==========

SCIP Status        : problem is solved [optimal solution found]
Total Time         :       0.05
  solving          :       0.04
  presolving       :       0.02 (included in solving)
  reading          :       0.01
  copying          :       0.00 (0 times copied the problem)
Original Problem   :
  Problem name     : /kb/module/work/fbafiles/GA_MA/Problem.lp
  Variables        : 1523 (0 binary, 0 integer, 0 implicit integer, 1523 continuous)
  Constraints      : 1141 initial, 1141 maximal
  Objective sense  : minimize
Presolved Problem  :
  Problem name     : t_/kb/module/work/fbafiles/GA_MA/Problem.lp
  Variables        : 575 (0 binary, 0 integer, 0 implicit integer, 575 continuous)
  Constraints      : 324 initial, 324 maximal
Presolvers         :   ExecTime  SetupTime  Calls  FixedVars   AggrVars   ChgTypes  ChgBounds   AddHoles    DelCons    AddCons   ChgSides   ChgCoefs
  boundshift       :       0.00       0.00      0          0          0          0          0          0          0          0          0          0
  components       :       0.00       0.00      1          0          0          0          0          0          0          0          0          0
  convertinttobin  :       0.00       0.00      0          0          0          0          0          0          0          0          0          0
  domcol           :       0.00       0.00      1          0          0          0          0          0          0          0          0          0
  dualfix          :       0.00       0.00      9        318          0          0          0          0          0          0          0          0
  gateextraction   :       0.00       0.00      0          0          0          0          0          0          0          0          0          0
  implics          :       0.00       0.00      9          0          0          0          0          0          0          0          0          0
  inttobinary      :       0.00       0.00      0          0          0          0          0          0          0          0          0          0
  trivial          :       0.00       0.00      9          0          0          0          0          0          0          0          0          0
  genvbounds       :       0.00       0.00      0          0          0          0          0          0          0          0          0          0
  probing          :       0.00       0.00      0          0          0          0          0          0          0          0          0          0
  pseudoobj        :       0.00       0.00      0          0          0          0          0          0          0          0          0          0
  linear           :       0.02       0.01      1        193        437          0        331          0        817          0          7          0
  root node        :          -          -      -          0          -          -          0          -          -          -          -          -
Constraints        :     Number  MaxNumber  #Separate #Propagate    #EnfoLP    #EnfoPS     #Check   #ResProp    Cutoffs    DomReds       Cuts    Applied      Conss   Children
  integral         :          0          0          0          0          0          0          5          0          0          0          0          0          0          0
  linear           :        324        324          0          1          0          0          4          0          0          0          0          0          0          0
  countsols        :          0          0          0          0          0          0          2          0          0          0          0          0          0          0
Constraint Timings :  TotalTime  SetupTime   Separate  Propagate     EnfoLP     EnfoPS      Check    ResProp
  integral         :       0.00       0.00       0.00       0.00       0.00       0.00       0.00       0.00
  linear           :       0.01       0.01       0.00       0.00       0.00       0.00       0.00       0.00
  countsols        :       0.00       0.00       0.00       0.00       0.00       0.00       0.00       0.00
Propagators        : #Propagate   #ResProp    Cutoffs    DomReds
  genvbounds       :          0          0          0          0
  obbt             :          0          0          0          0
  probing          :          0          0          0          0
  pseudoobj        :          1          0          0          0
  redcost          :          0          0          0          0
  rootredcost      :          0          0          0          0
  vbounds          :          0          0          0          0
Propagator Timings :  TotalTime  SetupTime   Presolve  Propagate    ResProp
  genvbounds       :       0.00       0.00       0.00       0.00       0.00
  obbt             :       0.00       0.00       0.00       0.00       0.00
  probing          :       0.00       0.00       0.00       0.00       0.00
  pseudoobj        :       0.00       0.00       0.00       0.00       0.00
  redcost          :       0.00       0.00       0.00       0.00       0.00
  rootredcost      :       0.00       0.00       0.00       0.00       0.00
  vbounds          :       0.00       0.00       0.00       0.00       0.00
Conflict Analysis  :       Time      Calls    Success  Conflicts   Literals    Reconvs ReconvLits   LP Iters
  propagation      :       0.00          0          0          0        0.0          0        0.0          -
  infeasible LP    :       0.00          0          0          0        0.0          0        0.0          0
  bound exceed. LP :       0.00          0          0          0        0.0          0        0.0          0
  strong branching :       0.00          0          0          0        0.0          0        0.0          0
  pseudo solution  :       0.00          0          0          0        0.0          0        0.0          -
  applied globally :          -          -          -          0        0.0          -          -          -
  applied locally  :          -          -          -          0        0.0          -          -          -
Separators         :   ExecTime  SetupTime      Calls    Cutoffs    DomReds       Cuts    Applied      Conss
  cut pool         :       0.00                     0          -          -          0          -          -    (maximal pool size: 0)
  cgmip            :       0.00       0.00          0          0          0          0          0          0
  clique           :       0.00       0.00          0          0          0          0          0          0
  closecuts        :       0.00       0.00          0          0          0          0          0          0
  cmir             :       0.00       0.00          0          0          0          0          0          0
  flowcover        :       0.00       0.00          0          0          0          0          0          0
  gomory           :       0.00       0.00          0          0          0          0          0          0
  impliedbounds    :       0.00       0.00          0          0          0          0          0          0
  intobj           :       0.00       0.00          0          0          0          0          0          0
  mcf              :       0.00       0.00          0          0          0          0          0          0
  oddcycle         :       0.00       0.00          0          0          0          0          0          0
  rapidlearning    :       0.00       0.00          0          0          0          0          0          0
  strongcg         :       0.00       0.00          0          0          0          0          0          0
  zerohalf         :       0.00       0.00          0          0          0          0          0          0
Pricers            :   ExecTime  SetupTime      Calls       Vars
  problem variables:       0.00          -          0          0
Branching Rules    :   ExecTime  SetupTime   BranchLP  BranchExt   BranchPS    Cutoffs    DomReds       Cuts      Conss   Children
  allfullstrong    :       0.00       0.00          0          0          0          0          0          0          0          0
  fullstrong       :       0.00       0.00          0          0          0          0          0          0          0          0
  inference        :       0.00       0.00          0          0          0          0          0          0          0          0
  leastinf         :       0.00       0.00          0          0          0          0          0          0          0          0
  mostinf          :       0.00       0.00          0          0          0          0          0          0          0          0
  pscost           :       0.00       0.00          0          0          0          0          0          0          0          0
  random           :       0.00       0.00          0          0          0          0          0          0          0          0
  relpscost        :       0.00       0.00          0          0          0          0          0          0          0          0
Primal Heuristics  :   ExecTime  SetupTime      Calls      Found
  LP solutions     :       0.00          -          -          0
  pseudo solutions :       0.00          -          -          0
  actconsdiving    :       0.00       0.00          0          0
  clique           :       0.00       0.00          0          0
  coefdiving       :       0.00       0.00          0          0
  crossover        :       0.00       0.00          0          0
  dins             :       0.00       0.00          0          0
  feaspump         :       0.00       0.00          0          0
  fixandinfer      :       0.00       0.00          0          0
  fracdiving       :       0.00       0.00          0          0
  guideddiving     :       0.00       0.00          0          0
  intdiving        :       0.00       0.00          0          0
  intshifting      :       0.00       0.00          0          0
  linesearchdiving :       0.00       0.00          0          0
  localbranching   :       0.00       0.00          0          0
  mutation         :       0.00       0.00          0          0
  nlpdiving        :       0.00       0.00          0          0
  objpscostdiving  :       0.00       0.00          0          0
  octane           :       0.00       0.00          0          0
  oneopt           :       0.00       0.00          0          0
  pscostdiving     :       0.00       0.00          0          0
  rens             :       0.00       0.00          0          0
  rins             :       0.00       0.00          0          0
  rootsoldiving    :       0.00       0.00          0          0
  rounding         :       0.00       0.00          0          0
  shiftandpropagate:       0.00       0.00          0          0
  shifting         :       0.00       0.00          0          0
  simplerounding   :       0.00       0.00          0          0
  subnlp           :       0.00       0.00          0          0
  trivial          :       0.00       0.00          2          0
  trysol           :       0.00       0.00          0          0
  twoopt           :       0.00       0.00          0          0
  undercover       :       0.00       0.00          0          0
  vbounds          :       0.00       0.00          0          0
  veclendiving     :       0.00       0.00          0          0
  zeroobj          :       0.00       0.00          0          0
  zirounding       :       0.00       0.00          0          0
LP                 :       Time      Calls Iterations  Iter/call   Iter/sec  Time-0-It Calls-0-It
  primal LP        :       0.00          0          0       0.00          -       0.00          0
  dual LP          :       0.01          1        461     461.00   46100.00       0.00          0
  lex dual LP      :       0.00          0          0       0.00          -
  barrier LP       :       0.00          0          0       0.00          -       0.00          0
  diving/probing LP:       0.00          0          0       0.00          -
  strong branching :       0.00          0          0       0.00          -
    (at root node) :          -          0          0       0.00          -
  conflict analysis:       0.00          0          0       0.00          -
B&B Tree           :
  number of runs   :          1
  nodes            :          1
  nodes (total)    :          1
  nodes left       :          0
  max depth        :          0
  max depth (total):          0
  backtracks       :          0 (0.0%)
  delayed cutoffs  :          0
  repropagations   :          0 (0 domain reductions, 0 cutoffs)
  avg switch length:       2.00
  switching time   :       0.00
Solution           :
  Solutions found  :          1 (1 improvements)
  First Solution   : +7.51069026233319e+01   (in run 1, after 1 nodes, 0.04 seconds, depth 0, found by <relaxation>)
  Primal Bound     : +7.51069026233319e+01   (in run 1, after 1 nodes, 0.04 seconds, depth 0, found by <relaxation>)
  Dual Bound       : +7.51069026233319e+01
  Gap              :       0.00 %
  Root Dual Bound  : +7.51069026233319e+01
  Root Iterations  :        461
